
  .   ____          _            __ _ _
 /\\ / ___'_ __ _ _(_)_ __  __ _ \ \ \ \
( ( )\___ | '_ | '_| | '_ \/ _` | \ \ \ \
 \\/  ___)| |_)| | | | | || (_| |  ) ) ) )
  '  |____| .__|_| |_|_| |_\__, | / / / /
 =========|_|==============|___/=/_/_/_/

[32m :: Spring Boot :: [39m              [2m (v4.0.3)[0;39m

[2m2026-03-13T23:29:42.224+07:00[0;39m [32m INFO[0;39m [35m20182[0;39m [2m--- [hozitech-server] [           main] [0;39m[36mcom.hoz.hozitech.ServerApplication      [0;39m [2m:[0;39m Starting ServerApplication v0.0.1 using Java 25 with PID 20182 (/Users/hoinguyen/Documents/SpringFW/DATN_HN/server/target/Hozitech-0.0.1.jar started by hoinguyen in /Users/hoinguyen/Documents/SpringFW/DATN_HN/server)
[2m2026-03-13T23:29:42.228+07:00[0;39m [32m INFO[0;39m [35m20182[0;39m [2m--- [hozitech-server] [           main] [0;39m[36mcom.hoz.hozitech.ServerApplication      [0;39m [2m:[0;39m No active profile set, falling back to 1 default profile: "default"
[2m2026-03-13T23:29:43.457+07:00[0;39m [32m INFO[0;39m [35m20182[0;39m [2m--- [hozitech-server] [           main] [0;39m[36m.s.d.r.c.RepositoryConfigurationDelegate[0;39m [2m:[0;39m Bootstrapping Spring Data JPA repositories in DEFAULT mode.
[2m2026-03-13T23:29:43.592+07:00[0;39m [32m INFO[0;39m [35m20182[0;39m [2m--- [hozitech-server] [           main] [0;39m[36m.s.d.r.c.RepositoryConfigurationDelegate[0;39m [2m:[0;39m Finished Spring Data repository scanning in 126 ms. Found 24 JPA repository interfaces.
[2m2026-03-13T23:29:45.034+07:00[0;39m [32m INFO[0;39m [35m20182[0;39m [2m--- [hozitech-server] [           main] [0;39m[36mo.s.boot.tomcat.TomcatWebServer         [0;39m [2m:[0;39m Tomcat initialized with port 8080 (http)
[2m2026-03-13T23:29:45.102+07:00[0;39m [32m INFO[0;39m [35m20182[0;39m [2m--- [hozitech-server] [           main] [0;39m[36mo.apache.catalina.core.StandardService  [0;39m [2m:[0;39m Starting service [Tomcat]
[2m2026-03-13T23:29:45.103+07:00[0;39m [32m INFO[0;39m [35m20182[0;39m [2m--- [hozitech-server] [           main] [0;39m[36mo.apache.catalina.core.StandardEngine   [0;39m [2m:[0;39m Starting Servlet engine: [Apache Tomcat/11.0.18]
[2m2026-03-13T23:29:45.213+07:00[0;39m [32m INFO[0;39m [35m20182[0;39m [2m--- [hozitech-server] [           main] [0;39m[36mb.w.c.s.WebApplicationContextInitializer[0;39m [2m:[0;39m Root WebApplicationContext: initialization completed in 2895 ms
[2m2026-03-13T23:29:46.103+07:00[0;39m [32m INFO[0;39m [35m20182[0;39m [2m--- [hozitech-server] [           main] [0;39m[36morg.hibernate.orm.jpa                   [0;39m [2m:[0;39m HHH008540: Processing PersistenceUnitInfo [name: default]
[2m2026-03-13T23:29:46.238+07:00[0;39m [32m INFO[0;39m [35m20182[0;39m [2m--- [hozitech-server] [           main] [0;39m[36morg.hibernate.orm.core                  [0;39m [2m:[0;39m HHH000001: Hibernate ORM core version 7.2.4.Final
[2m2026-03-13T23:29:46.876+07:00[0;39m [32m INFO[0;39m [35m20182[0;39m [2m--- [hozitech-server] [           main] [0;39m[36mo.s.o.j.p.SpringPersistenceUnitInfo     [0;39m [2m:[0;39m No LoadTimeWeaver setup: ignoring JPA class transformer
[2m2026-03-13T23:29:46.907+07:00[0;39m [32m INFO[0;39m [35m20182[0;39m [2m--- [hozitech-server] [           main] [0;39m[36mcom.zaxxer.hikari.HikariDataSource      [0;39m [2m:[0;39m HikariPool-1 - Starting...
[2m2026-03-13T23:29:47.192+07:00[0;39m [32m INFO[0;39m [35m20182[0;39m [2m--- [hozitech-server] [           main] [0;39m[36mcom.zaxxer.hikari.pool.HikariPool       [0;39m [2m:[0;39m HikariPool-1 - Added connection org.postgresql.jdbc.PgConnection@c950fd
[2m2026-03-13T23:29:47.194+07:00[0;39m [32m INFO[0;39m [35m20182[0;39m [2m--- [hozitech-server] [           main] [0;39m[36mcom.zaxxer.hikari.HikariDataSource      [0;39m [2m:[0;39m HikariPool-1 - Start completed.
[2m2026-03-13T23:29:47.227+07:00[0;39m [33m WARN[0;39m [35m20182[0;39m [2m--- [hozitech-server] [           main] [0;39m[36morg.hibernate.orm.deprecation           [0;39m [2m:[0;39m HHH90000025: PostgreSQLDialect does not need to be specified explicitly using 'hibernate.dialect' (remove the property setting and it will be selected by default)
[2m2026-03-13T23:29:47.251+07:00[0;39m [32m INFO[0;39m [35m20182[0;39m [2m--- [hozitech-server] [           main] [0;39m[36morg.hibernate.orm.connections.pooling   [0;39m [2m:[0;39m HHH10001005: Database info:
	Database JDBC URL [jdbc:postgresql://localhost:5432/hozitechdb]
	Database driver: PostgreSQL JDBC Driver
	Database dialect: PostgreSQLDialect
	Database version: 18.2
	Default catalog/schema: hozitechdb/public
	Autocommit mode: undefined/unknown
	Isolation level: READ_COMMITTED [default READ_COMMITTED]
	JDBC fetch size: none
	Pool: DataSourceConnectionProvider
	Minimum pool size: undefined/unknown
	Maximum pool size: undefined/unknown
[2m2026-03-13T23:29:48.965+07:00[0;39m [32m INFO[0;39m [35m20182[0;39m [2m--- [hozitech-server] [           main] [0;39m[36morg.hibernate.orm.core                  [0;39m [2m:[0;39m HHH000489: No JTA platform available (set 'hibernate.transaction.jta.platform' to enable JTA platform integration)
[2m2026-03-13T23:29:49.101+07:00[0;39m [32m INFO[0;39m [35m20182[0;39m [2m--- [hozitech-server] [           main] [0;39m[36mj.LocalContainerEntityManagerFactoryBean[0;39m [2m:[0;39m Initialized JPA EntityManagerFactory for persistence unit 'default'
[2m2026-03-13T23:29:49.186+07:00[0;39m [32m INFO[0;39m [35m20182[0;39m [2m--- [hozitech-server] [           main] [0;39m[36mo.s.d.j.r.query.QueryEnhancerFactories  [0;39m [2m:[0;39m Hibernate is in classpath; If applicable, HQL parser will be used.
[2m2026-03-13T23:29:50.545+07:00[0;39m [32m INFO[0;39m [35m20182[0;39m [2m--- [hozitech-server] [           main] [0;39m[36meAuthenticationProviderManagerConfigurer[0;39m [2m:[0;39m Global AuthenticationManager configured with AuthenticationProvider bean with name authenticationProvider
[2m2026-03-13T23:29:50.546+07:00[0;39m [33m WARN[0;39m [35m20182[0;39m [2m--- [hozitech-server] [           main] [0;39m[36mr$InitializeUserDetailsManagerConfigurer[0;39m [2m:[0;39m Global AuthenticationManager configured with an AuthenticationProvider bean. UserDetailsService beans will not be used by Spring Security for automatically configuring username/password login. Consider removing the AuthenticationProvider bean. Alternatively, consider using the UserDetailsService in a manually instantiated DaoAuthenticationProvider. If the current configuration is intentional, to turn off this warning, increase the logging level of 'org.springframework.security.config.annotation.authentication.configuration.InitializeUserDetailsBeanManagerConfigurer' to ERROR
[2m2026-03-13T23:29:51.686+07:00[0;39m [33m WARN[0;39m [35m20182[0;39m [2m--- [hozitech-server] [           main] [0;39m[36mJpaBaseConfiguration$JpaWebConfiguration[0;39m [2m:[0;39m spring.jpa.open-in-view is enabled by default. Therefore, database queries may be performed during view rendering. Explicitly configure spring.jpa.open-in-view to disable this warning
[2m2026-03-13T23:29:52.515+07:00[0;39m [32m INFO[0;39m [35m20182[0;39m [2m--- [hozitech-server] [           main] [0;39m[36mo.s.b.a.e.web.EndpointLinksResolver     [0;39m [2m:[0;39m Exposing 1 endpoint beneath base path '/actuator'
[2m2026-03-13T23:29:52.611+07:00[0;39m [32m INFO[0;39m [35m20182[0;39m [2m--- [hozitech-server] [           main] [0;39m[36mo.s.boot.tomcat.TomcatWebServer         [0;39m [2m:[0;39m Tomcat started on port 8080 (http) with context path '/'
[2m2026-03-13T23:29:52.625+07:00[0;39m [32m INFO[0;39m [35m20182[0;39m [2m--- [hozitech-server] [           main] [0;39m[36mcom.hoz.hozitech.ServerApplication      [0;39m [2m:[0;39m Started ServerApplication in 11.041 seconds (process running for 11.895)
